<?xml version="1.0" encoding="UTF-8"?>
<!-- Generated by org.testng.reporters.JUnitXMLReporter -->
<testsuite hostname="LAPTOP-IBR61I8L" ignored="0" name="Default test" tests="3" failures="0" timestamp="30 Jul 2020 10:46:52 GMT" time="9.153" errors="0">
  <testcase name="test1" time="4.17" classname="remoteTesting.dockerValidation.Chrometest2"/>
  <testcase name="test1" time="1.618" classname="remoteTesting.dockerValidation.Chrometest1"/>
  <testcase name="test1" time="3.329" classname="remoteTesting.dockerValidation.Chrometest3"/>
</testsuite> <!-- Default test -->
