<?xml version="1.0" encoding="UTF-8"?>
<!-- Generated by org.testng.reporters.JUnitXMLReporter -->
<testsuite hostname="LAPTOP-IBR61I8L" ignored="0" name="Test" tests="3" failures="0" timestamp="30 Jul 2020 13:41:11 GMT" time="5.447" errors="0">
  <testcase name="test1" time="3.569" classname="remoteTesting.dockerValidation.Chrometest1"/>
  <testcase name="test2" time="4.437" classname="remoteTesting.dockerValidation.Chrometest1"/>
  <testcase name="test3" time="5.412" classname="remoteTesting.dockerValidation.Chrometest1"/>
</testsuite> <!-- Test -->
